<?xml version="1.0" encoding="UTF-8"?>
<testsuites tests="404" failures="0" errors="0" time="49.052">
  <testsuite name="W3C_SCXML_Interpreter" tests="202" failures="0" errors="0" time="22.247">
    <testcase classname="W3C_Interpreter" name="Test_144" time="0.003" type="interpreter" result="PASS" description="Test reached expected pass state"/>
    <testcase classname="W3C_Interpreter" name="Test_147" time="0.003" type="interpreter" result="PASS" description="Test reached expected pass state"/>
    <testcase classname="W3C_Interpreter" name="Test_148" time="0.003" type="interpreter" result="PASS" description="Test reached expected pass state"/>
    <testcase classname="W3C_Interpreter" name="Test_149" time="0.002" type="interpreter" result="PASS" description="Test reached expected pass state"/>
    <testcase classname="W3C_Interpreter" name="Test_150" time="0.007" type="interpreter" result="PASS" description="Test reached expected pass state"/>
    <testcase classname="W3C_Interpreter" name="Test_151" time="0.007" type="interpreter" result="PASS" description="Test reached expected pass state"/>
    <testcase classname="W3C_Interpreter" name="Test_152" time="0.004" type="interpreter" result="PASS" description="Test reached expected pass state"/>
    <testcase classname="W3C_Interpreter" name="Test_153" time="0.005" type="interpreter" result="PASS" description="Test reached expected pass state"/>
    <testcase classname="W3C_Interpreter" name="Test_155" time="0.004" type="interpreter" result="PASS" description="Test reached expected pass state"/>
    <testcase classname="W3C_Interpreter" name="Test_156" time="0.004" type="interpreter" result="PASS" description="Test reached expected pass state"/>
    <testcase classname="W3C_Interpreter" name="Test_158" time="0.003" type="interpreter" result="PASS" description="Test reached expected pass state"/>
    <testcase classname="W3C_Interpreter" name="Test_159" time="0.002" type="interpreter" result="PASS" description="Test reached expected pass state"/>
    <testcase classname="W3C_Interpreter" name="Test_172" time="0.003" type="interpreter" result="PASS" description="Test reached expected pass state"/>
    <testcase classname="W3C_Interpreter" name="Test_173" time="0.003" type="interpreter" result="PASS" description="Test reached expected pass state"/>
    <testcase classname="W3C_Interpreter" name="Test_174" time="0.003" type="interpreter" result="PASS" description="Test reached expected pass state"/>
    <testcase classname="W3C_Interpreter" name="Test_175" time="1.013" type="interpreter" result="PASS" description="Test reached expected pass state"/>
    <testcase classname="W3C_Interpreter" name="Test_176" time="0.004" type="interpreter" result="PASS" description="Test reached expected pass state"/>
    <testcase classname="W3C_Interpreter" name="Test_178" time="0" type="interpreter" result="PASS" description="Test skipped"/>
    <testcase classname="W3C_Interpreter" name="Test_179" time="0.002" type="interpreter" result="PASS" description="Test reached expected pass state"/>
    <testcase classname="W3C_Interpreter" name="Test_183" time="0.002" type="interpreter" result="PASS" description="Test reached expected pass state"/>
    <testcase classname="W3C_Interpreter" name="Test_185" time="1.012" type="interpreter" result="PASS" description="Test reached expected pass state"/>
    <testcase classname="W3C_Interpreter" name="Test_186" time="1.013" type="interpreter" result="PASS" description="Test reached expected pass state"/>
    <testcase classname="W3C_Interpreter" name="Test_187" time="1.004" type="interpreter" result="PASS" description="Test reached expected pass state"/>
    <testcase classname="W3C_Interpreter" name="Test_189" time="0.002" type="interpreter" result="PASS" description="Test reached expected pass state"/>
    <testcase classname="W3C_Interpreter" name="Test_190" time="0.003" type="interpreter" result="PASS" description="Test reached expected pass state"/>
    <testcase classname="W3C_Interpreter" name="Test_191" time="0.004" type="interpreter" result="PASS" description="Test reached expected pass state"/>
    <testcase classname="W3C_Interpreter" name="Test_192" time="0.005" type="interpreter" result="PASS" description="Test reached expected pass state"/>
    <testcase classname="W3C_Interpreter" name="Test_193" time="0.002" type="interpreter" result="PASS" description="Test reached expected pass state"/>
    <testcase classname="W3C_Interpreter" name="Test_194" time="0.002" type="interpreter" result="PASS" description="Test reached expected pass state"/>
    <testcase classname="W3C_Interpreter" name="Test_198" time="0.002" type="interpreter" result="PASS" description="Test reached expected pass state"/>
    <testcase classname="W3C_Interpreter" name="Test_199" time="0.001" type="interpreter" result="PASS" description="Test reached expected pass state"/>
    <testcase classname="W3C_Interpreter" name="Test_200" time="0.002" type="interpreter" result="PASS" description="Test reached expected pass state"/>
    <testcase classname="W3C_Interpreter" name="Test_201" time="0.003" type="interpreter" result="PASS" description="Test reached expected pass state"/>
    <testcase classname="W3C_Interpreter" name="Test_205" time="0.003" type="interpreter" result="PASS" description="Test reached expected pass state"/>
    <testcase classname="W3C_Interpreter" name="Test_207" time="1.006" type="interpreter" result="PASS" description="Test reached expected pass state"/>
    <testcase classname="W3C_Interpreter" name="Test_208" time="1.509" type="interpreter" result="PASS" description="Test reached expected pass state"/>
    <testcase classname="W3C_Interpreter" name="Test_210" time="1.511" type="interpreter" result="PASS" description="Test reached expected pass state"/>
    <testcase classname="W3C_Interpreter" name="Test_215" time="0.004" type="interpreter" result="PASS" description="Test reached expected pass state"/>
    <testcase classname="W3C_Interpreter" name="Test_216" time="0.005" type="interpreter" result="PASS" description="Test reached expected pass state"/>
    <testcase classname="W3C_Interpreter" name="Test_220" time="0.013" type="interpreter" result="PASS" description="Test reached expected pass state"/>
    <testcase classname="W3C_Interpreter" name="Test_223" time="0.004" type="interpreter" result="PASS" description="Test reached expected pass state"/>
    <testcase classname="W3C_Interpreter" name="Test_224" time="0.005" type="interpreter" result="PASS" description="Test reached expected pass state"/>
    <testcase classname="W3C_Interpreter" name="Test_225" time="0.007" type="interpreter" result="PASS" description="Test reached expected pass state"/>
    <testcase classname="W3C_Interpreter" name="Test_226" time="0.006" type="interpreter" result="PASS" description="Test reached expected pass state"/>
    <testcase classname="W3C_Interpreter" name="Test_228" time="0.005" type="interpreter" result="PASS" description="Test reached expected pass state"/>
    <testcase classname="W3C_Interpreter" name="Test_229" time="0.006" type="interpreter" result="PASS" description="Test reached expected pass state"/>
    <testcase classname="W3C_Interpreter" name="Test_230" time="0" type="interpreter" result="PASS" description="Test skipped"/>
    <testcase classname="W3C_Interpreter" name="Test_232" time="0.006" type="interpreter" result="PASS" description="Test reached expected pass state"/>
    <testcase classname="W3C_Interpreter" name="Test_233" time="0.005" type="interpreter" result="PASS" description="Test reached expected pass state"/>
    <testcase classname="W3C_Interpreter" name="Test_234" time="0.006" type="interpreter" result="PASS" description="Test reached expected pass state"/>
    <testcase classname="W3C_Interpreter" name="Test_235" time="0.004" type="interpreter" result="PASS" description="Test reached expected pass state"/>
    <testcase classname="W3C_Interpreter" name="Test_236" time="2.008" type="interpreter" result="PASS" description="Test reached expected pass state"/>
    <testcase classname="W3C_Interpreter" name="Test_237" time="2.505" type="interpreter" result="PASS" description="Test reached expected pass state"/>
    <testcase classname="W3C_Interpreter" name="Test_239" time="0.017" type="interpreter" result="PASS" description="Test reached expected pass state"/>
    <testcase classname="W3C_Interpreter" name="Test_240" time="0.009" type="interpreter" result="PASS" description="Test reached expected pass state"/>
    <testcase classname="W3C_Interpreter" name="Test_241" time="0.009" type="interpreter" result="PASS" description="Test reached expected pass state"/>
    <testcase classname="W3C_Interpreter" name="Test_242" time="0.017" type="interpreter" result="PASS" description="Test reached expected pass state"/>
    <testcase classname="W3C_Interpreter" name="Test_243" time="0.006" type="interpreter" result="PASS" description="Test reached expected pass state"/>
    <testcase classname="W3C_Interpreter" name="Test_244" time="0.005" type="interpreter" result="PASS" description="Test reached expected pass state"/>
    <testcase classname="W3C_Interpreter" name="Test_245" time="0.005" type="interpreter" result="PASS" description="Test reached expected pass state"/>
    <testcase classname="W3C_Interpreter" name="Test_247" time="0.004" type="interpreter" result="PASS" description="Test reached expected pass state"/>
    <testcase classname="W3C_Interpreter" name="Test_250" time="0" type="interpreter" result="PASS" description="Test skipped"/>
    <testcase classname="W3C_Interpreter" name="Test_252" time="1.008" type="interpreter" result="PASS" description="Test reached expected pass state"/>
    <testcase classname="W3C_Interpreter" name="Test_253" time="0.008" type="interpreter" result="PASS" description="Test reached expected pass state"/>
    <testcase classname="W3C_Interpreter" name="Test_276" time="0.005" type="interpreter" result="PASS" description="Test reached expected pass state"/>
    <testcase classname="W3C_Interpreter" name="Test_277" time="0.003" type="interpreter" result="PASS" description="Test reached expected pass state"/>
    <testcase classname="W3C_Interpreter" name="Test_278" time="0.002" type="interpreter" result="PASS" description="Test reached expected pass state"/>
    <testcase classname="W3C_Interpreter" name="Test_279" time="0.002" type="interpreter" result="PASS" description="Test reached expected pass state"/>
    <testcase classname="W3C_Interpreter" name="Test_280" time="0.002" type="interpreter" result="PASS" description="Test reached expected pass state"/>
    <testcase classname="W3C_Interpreter" name="Test_286" time="0.002" type="interpreter" result="PASS" description="Test reached expected pass state"/>
    <testcase classname="W3C_Interpreter" name="Test_287" time="0.002" type="interpreter" result="PASS" description="Test reached expected pass state"/>
    <testcase classname="W3C_Interpreter" name="Test_294" time="0.004" type="interpreter" result="PASS" description="Test reached expected pass state"/>
    <testcase classname="W3C_Interpreter" name="Test_298" time="0.003" type="interpreter" result="PASS" description="Test reached expected pass state"/>
    <testcase classname="W3C_Interpreter" name="Test_301" time="0" type="interpreter" result="PASS" description="Test skipped"/>
    <testcase classname="W3C_Interpreter" name="Test_302" time="0.001" type="interpreter" result="PASS" description="Test reached expected pass state"/>
    <testcase classname="W3C_Interpreter" name="Test_303" time="0.002" type="interpreter" result="PASS" description="Test reached expected pass state"/>
    <testcase classname="W3C_Interpreter" name="Test_304" time="0.001" type="interpreter" result="PASS" description="Test reached expected pass state"/>
    <testcase classname="W3C_Interpreter" name="Test_307" time="0" type="interpreter" result="PASS" description="Test skipped"/>
    <testcase classname="W3C_Interpreter" name="Test_309" time="0.001" type="interpreter" result="PASS" description="Test reached expected pass state"/>
    <testcase classname="W3C_Interpreter" name="Test_310" time="0.002" type="interpreter" result="PASS" description="Test reached expected pass state"/>
    <testcase classname="W3C_Interpreter" name="Test_311" time="0.002" type="interpreter" result="PASS" description="Test reached expected pass state"/>
    <testcase classname="W3C_Interpreter" name="Test_312" time="0.002" type="interpreter" result="PASS" description="Test reached expected pass state"/>
    <testcase classname="W3C_Interpreter" name="Test_313" time="0" type="interpreter" result="PASS" description="Test skipped"/>
    <testcase classname="W3C_Interpreter" name="Test_314" time="0" type="interpreter" result="PASS" description="Test skipped"/>
    <testcase classname="W3C_Interpreter" name="Test_318" time="0.003" type="interpreter" result="PASS" description="Test reached expected pass state"/>
    <testcase classname="W3C_Interpreter" name="Test_319" time="0.002" type="interpreter" result="PASS" description="Test reached expected pass state"/>
    <testcase classname="W3C_Interpreter" name="Test_321" time="0.002" type="interpreter" result="PASS" description="Test reached expected pass state"/>
    <testcase classname="W3C_Interpreter" name="Test_322" time="0.003" type="interpreter" result="PASS" description="Test reached expected pass state"/>
    <testcase classname="W3C_Interpreter" name="Test_323" time="0.002" type="interpreter" result="PASS" description="Test reached expected pass state"/>
    <testcase classname="W3C_Interpreter" name="Test_324" time="0.002" type="interpreter" result="PASS" description="Test reached expected pass state"/>
    <testcase classname="W3C_Interpreter" name="Test_325" time="0.001" type="interpreter" result="PASS" description="Test reached expected pass state"/>
    <testcase classname="W3C_Interpreter" name="Test_326" time="0.003" type="interpreter" result="PASS" description="Test reached expected pass state"/>
    <testcase classname="W3C_Interpreter" name="Test_329" time="0.004" type="interpreter" result="PASS" description="Test reached expected pass state"/>
    <testcase classname="W3C_Interpreter" name="Test_330" time="0.002" type="interpreter" result="PASS" description="Test reached expected pass state"/>
    <testcase classname="W3C_Interpreter" name="Test_331" time="0.005" type="interpreter" result="PASS" description="Test reached expected pass state"/>
    <testcase classname="W3C_Interpreter" name="Test_332" time="0.003" type="interpreter" result="PASS" description="Test reached expected pass state"/>
    <testcase classname="W3C_Interpreter" name="Test_333" time="0.001" type="interpreter" result="PASS" description="Test reached expected pass state"/>
    <testcase classname="W3C_Interpreter" name="Test_335" time="0.001" type="interpreter" result="PASS" description="Test reached expected pass state"/>
    <testcase classname="W3C_Interpreter" name="Test_336" time="0.003" type="interpreter" result="PASS" description="Test reached expected pass state"/>
    <testcase classname="W3C_Interpreter" name="Test_337" time="0.001" type="interpreter" result="PASS" description="Test reached expected pass state"/>
    <testcase classname="W3C_Interpreter" name="Test_338" time="0.004" type="interpreter" result="PASS" description="Test reached expected pass state"/>
    <testcase classname="W3C_Interpreter" name="Test_339" time="0.001" type="interpreter" result="PASS" description="Test reached expected pass state"/>
    <testcase classname="W3C_Interpreter" name="Test_342" time="0.003" type="interpreter" result="PASS" description="Test reached expected pass state"/>
    <testcase classname="W3C_Interpreter" name="Test_343" time="0.003" type="interpreter" result="PASS" description="Test reached expected pass state"/>
    <testcase classname="W3C_Interpreter" name="Test_344" time="0.002" type="interpreter" result="PASS" description="Test reached expected pass state"/>
    <testcase classname="W3C_Interpreter" name="Test_346" time="0.003" type="interpreter" result="PASS" description="Test reached expected pass state"/>
    <testcase classname="W3C_Interpreter" name="Test_347" time="0.005" type="interpreter" result="PASS" description="Test reached expected pass state"/>
    <testcase classname="W3C_Interpreter" name="Test_348" time="0.001" type="interpreter" result="PASS" description="Test reached expected pass state"/>
    <testcase classname="W3C_Interpreter" name="Test_349" time="0.003" type="interpreter" result="PASS" description="Test reached expected pass state"/>
    <testcase classname="W3C_Interpreter" name="Test_350" time="0.002" type="interpreter" result="PASS" description="Test reached expected pass state"/>
    <testcase classname="W3C_Interpreter" name="Test_351" time="0.005" type="interpreter" result="PASS" description="Test reached expected pass state"/>
    <testcase classname="W3C_Interpreter" name="Test_352" time="0.003" type="interpreter" result="PASS" description="Test reached expected pass state"/>
    <testcase classname="W3C_Interpreter" name="Test_354" time="0.005" type="interpreter" result="PASS" description="Test reached expected pass state"/>
    <testcase classname="W3C_Interpreter" name="Test_355" time="0.001" type="interpreter" result="PASS" description="Test reached expected pass state"/>
    <testcase classname="W3C_Interpreter" name="Test_364" time="0.007" type="interpreter" result="PASS" description="Test reached expected pass state"/>
    <testcase classname="W3C_Interpreter" name="Test_372" time="0.003" type="interpreter" result="PASS" description="Test reached expected pass state"/>
    <testcase classname="W3C_Interpreter" name="Test_375" time="0.002" type="interpreter" result="PASS" description="Test reached expected pass state"/>
    <testcase classname="W3C_Interpreter" name="Test_376" time="0.002" type="interpreter" result="PASS" description="Test reached expected pass state"/>
    <testcase classname="W3C_Interpreter" name="Test_377" time="0.003" type="interpreter" result="PASS" description="Test reached expected pass state"/>
    <testcase classname="W3C_Interpreter" name="Test_378" time="0.002" type="interpreter" result="PASS" description="Test reached expected pass state"/>
    <testcase classname="W3C_Interpreter" name="Test_387" time="0.004" type="interpreter" result="PASS" description="Test reached expected pass state"/>
    <testcase classname="W3C_Interpreter" name="Test_388" time="0.007" type="interpreter" result="PASS" description="Test reached expected pass state"/>
    <testcase classname="W3C_Interpreter" name="Test_396" time="0.001" type="interpreter" result="PASS" description="Test reached expected pass state"/>
    <testcase classname="W3C_Interpreter" name="Test_399" time="0.004" type="interpreter" result="PASS" description="Test reached expected pass state"/>
    <testcase classname="W3C_Interpreter" name="Test_401" time="0.001" type="interpreter" result="PASS" description="Test reached expected pass state"/>
    <testcase classname="W3C_Interpreter" name="Test_402" time="0.003" type="interpreter" result="PASS" description="Test reached expected pass state"/>
    <testcase classname="W3C_Interpreter" name="Test_403a" time="0.003" type="interpreter" result="PASS" description="Test reached expected pass state"/>
    <testcase classname="W3C_Interpreter" name="Test_403b" time="0.003" type="interpreter" result="PASS" description="Test reached expected pass state"/>
    <testcase classname="W3C_Interpreter" name="Test_403c" time="0.005" type="interpreter" result="PASS" description="Test reached expected pass state"/>
    <testcase classname="W3C_Interpreter" name="Test_404" time="0.003" type="interpreter" result="PASS" description="Test reached expected pass state"/>
    <testcase classname="W3C_Interpreter" name="Test_405" time="0.005" type="interpreter" result="PASS" description="Test reached expected pass state"/>
    <testcase classname="W3C_Interpreter" name="Test_406" time="0.006" type="interpreter" result="PASS" description="Test reached expected pass state"/>
    <testcase classname="W3C_Interpreter" name="Test_407" time="0.002" type="interpreter" result="PASS" description="Test reached expected pass state"/>
    <testcase classname="W3C_Interpreter" name="Test_409" time="1.005" type="interpreter" result="PASS" description="Test reached expected pass state"/>
    <testcase classname="W3C_Interpreter" name="Test_411" time="0.003" type="interpreter" result="PASS" description="Test reached expected pass state"/>
    <testcase classname="W3C_Interpreter" name="Test_412" time="0.004" type="interpreter" result="PASS" description="Test reached expected pass state"/>
    <testcase classname="W3C_Interpreter" name="Test_413" time="0.003" type="interpreter" result="PASS" description="Test reached expected pass state"/>
    <testcase classname="W3C_Interpreter" name="Test_415" time="0" type="interpreter" result="PASS" description="Test skipped"/>
    <testcase classname="W3C_Interpreter" name="Test_416" time="0.003" type="interpreter" result="PASS" description="Test reached expected pass state"/>
    <testcase classname="W3C_Interpreter" name="Test_417" time="1.004" type="interpreter" result="PASS" description="Test reached expected pass state"/>
    <testcase classname="W3C_Interpreter" name="Test_419" time="0.001" type="interpreter" result="PASS" description="Test reached expected pass state"/>
    <testcase classname="W3C_Interpreter" name="Test_421" time="0.003" type="interpreter" result="PASS" description="Test reached expected pass state"/>
    <testcase classname="W3C_Interpreter" name="Test_422" time="2.011" type="interpreter" result="PASS" description="Test reached expected pass state"/>
    <testcase classname="W3C_Interpreter" name="Test_423" time="1.006" type="interpreter" result="PASS" description="Test reached expected pass state"/>
    <testcase classname="W3C_Interpreter" name="Test_436" time="0.002" type="interpreter" result="PASS" description="Test reached expected pass state"/>
    <testcase classname="W3C_Interpreter" name="Test_444" time="0.002" type="interpreter" result="PASS" description="Test reached expected pass state"/>
    <testcase classname="W3C_Interpreter" name="Test_445" time="0.001" type="interpreter" result="PASS" description="Test reached expected pass state"/>
    <testcase classname="W3C_Interpreter" name="Test_446" time="0.002" type="interpreter" result="PASS" description="Test reached expected pass state"/>
    <testcase classname="W3C_Interpreter" name="Test_448" time="0.003" type="interpreter" result="PASS" description="Test reached expected pass state"/>
    <testcase classname="W3C_Interpreter" name="Test_449" time="0.002" type="interpreter" result="PASS" description="Test reached expected pass state"/>
    <testcase classname="W3C_Interpreter" name="Test_451" time="0.002" type="interpreter" result="PASS" description="Test reached expected pass state"/>
    <testcase classname="W3C_Interpreter" name="Test_452" time="0.003" type="interpreter" result="PASS" description="Test reached expected pass state"/>
    <testcase classname="W3C_Interpreter" name="Test_453" time="0.002" type="interpreter" result="PASS" description="Test reached expected pass state"/>
    <testcase classname="W3C_Interpreter" name="Test_456" time="0.001" type="interpreter" result="PASS" description="Test reached expected pass state"/>
    <testcase classname="W3C_Interpreter" name="Test_457" time="0.008" type="interpreter" result="PASS" description="Test reached expected pass state"/>
    <testcase classname="W3C_Interpreter" name="Test_459" time="0.005" type="interpreter" result="PASS" description="Test reached expected pass state"/>
    <testcase classname="W3C_Interpreter" name="Test_460" time="0.005" type="interpreter" result="PASS" description="Test reached expected pass state"/>
    <testcase classname="W3C_Interpreter" name="Test_487" time="0.002" type="interpreter" result="PASS" description="Test reached expected pass state"/>
    <testcase classname="W3C_Interpreter" name="Test_488" time="0.002" type="interpreter" result="PASS" description="Test reached expected pass state"/>
    <testcase classname="W3C_Interpreter" name="Test_495" time="0.002" type="interpreter" result="PASS" description="Test reached expected pass state"/>
    <testcase classname="W3C_Interpreter" name="Test_496" time="0.002" type="interpreter" result="PASS" description="Test reached expected pass state"/>
    <testcase classname="W3C_Interpreter" name="Test_500" time="0.001" type="interpreter" result="PASS" description="Test reached expected pass state"/>
    <testcase classname="W3C_Interpreter" name="Test_501" time="0.002" type="interpreter" result="PASS" description="Test reached expected pass state"/>
    <testcase classname="W3C_Interpreter" name="Test_503" time="0.003" type="interpreter" result="PASS" description="Test reached expected pass state"/>
    <testcase classname="W3C_Interpreter" name="Test_504" time="0.008" type="interpreter" result="PASS" description="Test reached expected pass state"/>
    <testcase classname="W3C_Interpreter" name="Test_505" time="0.004" type="interpreter" result="PASS" description="Test reached expected pass state"/>
    <testcase classname="W3C_Interpreter" name="Test_506" time="0.005" type="interpreter" result="PASS" description="Test reached expected pass state"/>
    <testcase classname="W3C_Interpreter" name="Test_509" time="0.003" type="interpreter" result="PASS" description="Test reached expected pass state"/>
    <testcase classname="W3C_Interpreter" name="Test_510" time="0.004" type="interpreter" result="PASS" description="Test reached expected pass state"/>
    <testcase classname="W3C_Interpreter" name="Test_513" time="0.004" type="interpreter" result="PASS" description="Test reached expected pass state"/>
    <testcase classname="W3C_Interpreter" name="Test_518" time="0.003" type="interpreter" result="PASS" description="Test reached expected pass state"/>
    <testcase classname="W3C_Interpreter" name="Test_519" time="0.004" type="interpreter" result="PASS" description="Test reached expected pass state"/>
    <testcase classname="W3C_Interpreter" name="Test_520" time="0.003" type="interpreter" result="PASS" description="Test reached expected pass state"/>
    <testcase classname="W3C_Interpreter" name="Test_521" time="0.002" type="interpreter" result="PASS" description="Test reached expected pass state"/>
    <testcase classname="W3C_Interpreter" name="Test_522" time="0.003" type="interpreter" result="PASS" description="Test reached expected pass state"/>
    <testcase classname="W3C_Interpreter" name="Test_525" time="0.004" type="interpreter" result="PASS" description="Test reached expected pass state"/>
    <testcase classname="W3C_Interpreter" name="Test_527" time="0.002" type="interpreter" result="PASS" description="Test reached expected pass state"/>
    <testcase classname="W3C_Interpreter" name="Test_528" time="0.002" type="interpreter" result="PASS" description="Test reached expected pass state"/>
    <testcase classname="W3C_Interpreter" name="Test_529" time="0.002" type="interpreter" result="PASS" description="Test reached expected pass state"/>
    <testcase classname="W3C_Interpreter" name="Test_530" time="0.004" type="interpreter" result="PASS" description="Test reached expected pass state"/>
    <testcase classname="W3C_Interpreter" name="Test_531" time="0.003" type="interpreter" result="PASS" description="Test reached expected pass state"/>
    <testcase classname="W3C_Interpreter" name="Test_532" time="0.003" type="interpreter" result="PASS" description="Test reached expected pass state"/>
    <testcase classname="W3C_Interpreter" name="Test_533" time="0.007" type="interpreter" result="PASS" description="Test reached expected pass state"/>
    <testcase classname="W3C_Interpreter" name="Test_534" time="0.003" type="interpreter" result="PASS" description="Test reached expected pass state"/>
    <testcase classname="W3C_Interpreter" name="Test_550" time="0.001" type="interpreter" result="PASS" description="Test reached expected pass state"/>
    <testcase classname="W3C_Interpreter" name="Test_551" time="0.001" type="interpreter" result="PASS" description="Test reached expected pass state"/>
    <testcase classname="W3C_Interpreter" name="Test_552" time="0.001" type="interpreter" result="PASS" description="Test reached expected pass state"/>
    <testcase classname="W3C_Interpreter" name="Test_553" time="1.01" type="interpreter" result="PASS" description="Test reached expected pass state"/>
    <testcase classname="W3C_Interpreter" name="Test_554" time="1.006" type="interpreter" result="PASS" description="Test reached expected pass state"/>
    <testcase classname="W3C_Interpreter" name="Test_557" time="0.002" type="interpreter" result="PASS" description="Test reached expected pass state"/>
    <testcase classname="W3C_Interpreter" name="Test_558" time="0.002" type="interpreter" result="PASS" description="Test reached expected pass state"/>
    <testcase classname="W3C_Interpreter" name="Test_560" time="0.002" type="interpreter" result="PASS" description="Test reached expected pass state"/>
    <testcase classname="W3C_Interpreter" name="Test_561" time="0.002" type="interpreter" result="PASS" description="Test reached expected pass state"/>
    <testcase classname="W3C_Interpreter" name="Test_562" time="0.002" type="interpreter" result="PASS" description="Test reached expected pass state"/>
    <testcase classname="W3C_Interpreter" name="Test_567" time="0.004" type="interpreter" result="PASS" description="Test reached expected pass state"/>
    <testcase classname="W3C_Interpreter" name="Test_569" time="0.001" type="interpreter" result="PASS" description="Test reached expected pass state"/>
    <testcase classname="W3C_Interpreter" name="Test_570" time="0.005" type="interpreter" result="PASS" description="Test reached expected pass state"/>
    <testcase classname="W3C_Interpreter" name="Test_576" time="0.003" type="interpreter" result="PASS" description="Test reached expected pass state"/>
    <testcase classname="W3C_Interpreter" name="Test_577" time="0.002" type="interpreter" result="PASS" description="Test reached expected pass state"/>
    <testcase classname="W3C_Interpreter" name="Test_578" time="0.002" type="interpreter" result="PASS" description="Test reached expected pass state"/>
    <testcase classname="W3C_Interpreter" name="Test_579" time="1.008" type="interpreter" result="PASS" description="Test reached expected pass state"/>
    <testcase classname="W3C_Interpreter" name="Test_580" time="0.006" type="interpreter" result="PASS" description="Test reached expected pass state"/>
  </testsuite>
  <testsuite name="W3C_SCXML_AOT" tests="202" failures="0" errors="0" time="26.805">
    <testcase classname="W3C_AOT" name="Test_144" time="0" type="pure_static" result="PASS" description="Event queue ordering"/>
    <testcase classname="W3C_AOT" name="Test_147" time="0.001" type="static_hybrid" result="PASS" description="If/elseif/else conditionals with datamodel"/>
    <testcase classname="W3C_AOT" name="Test_148" time="0.001" type="static_hybrid" result="PASS" description="Else clause execution with datamodel"/>
    <testcase classname="W3C_AOT" name="Test_149" time="0.001" type="static_hybrid" result="PASS" description="Neither if nor elseif executes"/>
    <testcase classname="W3C_AOT" name="Test_150" time="0.004" type="static_hybrid" result="PASS" description="Foreach with dynamic variables (AOT JSEngine)"/>
    <testcase classname="W3C_AOT" name="Test_151" time="0.004" type="static_hybrid" result="PASS" description="Foreach declares new variables (AOT JSEngine)"/>
    <testcase classname="W3C_AOT" name="Test_152" time="0.001" type="static_hybrid" result="PASS" description="Foreach error handling (AOT JSEngine)"/>
    <testcase classname="W3C_AOT" name="Test_153" time="0.002" type="static_hybrid" result="PASS" description="Foreach array iteration order (AOT JSEngine)"/>
    <testcase classname="W3C_AOT" name="Test_155" time="0.002" type="static_hybrid" result="PASS" description="Foreach sums array items into variable (AOT JSEngine)"/>
    <testcase classname="W3C_AOT" name="Test_156" time="0.001" type="static_hybrid" result="PASS" description="Foreach error handling stops loop (AOT JSEngine)"/>
    <testcase classname="W3C_AOT" name="Test_158" time="0" type="static_hybrid" result="PASS" description="Executable content document order (AOT)"/>
    <testcase classname="W3C_AOT" name="Test_159" time="0" type="static_hybrid" result="PASS" description="Error in executable content stops subsequent elements (AOT)"/>
    <testcase classname="W3C_AOT" name="Test_172" time="0.001" type="static_hybrid" result="PASS" description="Send eventexpr uses current datamodel value (AOT)"/>
    <testcase classname="W3C_AOT" name="Test_173" time="0.001" type="static_hybrid" result="PASS" description="Send targetexpr uses current datamodel value (AOT)"/>
    <testcase classname="W3C_AOT" name="Test_174" time="0" type="static_hybrid" result="PASS" description="Send typeexpr uses current datamodel value (AOT)"/>
    <testcase classname="W3C_AOT" name="Test_175" time="1.003" type="static_hybrid" result="PASS" description="Send delayexpr uses current datamodel value (AOT)"/>
    <testcase classname="W3C_AOT" name="Test_176" time="0.001" type="static_hybrid" result="PASS" description="Send param uses current datamodel value (AOT)"/>
    <testcase classname="W3C_AOT" name="Test_178" time="0" type="pure_static" result="PASS" description="Send with duplicate param names (AOT)"/>
    <testcase classname="W3C_AOT" name="Test_179" time="0" type="static_hybrid" result="PASS" description="Send content populates event body (AOT)"/>
    <testcase classname="W3C_AOT" name="Test_183" time="0" type="static_hybrid" result="PASS" description="Basic conditional transition (AOT)"/>
    <testcase classname="W3C_AOT" name="Test_185" time="1.002" type="pure_static" result="PASS" description="Basic delayed send (W3C SCXML 6.2 AOT)"/>
    <testcase classname="W3C_AOT" name="Test_186" time="1.004" type="static_hybrid" result="PASS" description="Delayed send with params (W3C SCXML 6.2/5.10 AOT)"/>
    <testcase classname="W3C_AOT" name="Test_187" time="1.002" type="pure_static" result="PASS" description="Delayed send cancellation on session termination (W3C 6.4.5 AOT Pure Static)"/>
    <testcase classname="W3C_AOT" name="Test_189" time="0" type="pure_static" result="PASS" description="Internal queue priority (W3C 5.10.1 AOT Pure Static)"/>
    <testcase classname="W3C_AOT" name="Test_190" time="0.001" type="static_hybrid" result="PASS" description="External queue via targetexpr (W3C 5.10.1 AOT Static Hybrid)"/>
    <testcase classname="W3C_AOT" name="Test_191" time="0" type="pure_static" result="PASS" description="Inline content invoke with #_parent (W3C 6.4.1 AOT Pure Static)"/>
    <testcase classname="W3C_AOT" name="Test_192" time="0" type="pure_static" result="PASS" description="W3C SCXML 6.4: Inline content invoke with #_&lt;invokeid&gt; target (Pure Static AOT)"/>
    <testcase classname="W3C_AOT" name="Test_193" time="0" type="pure_static" result="PASS" description="Type attribute routes events to external queue (W3C 6.2.4 AOT)"/>
    <testcase classname="W3C_AOT" name="Test_194" time="0" type="pure_static" result="PASS" description="Invalid target raises error.execution (W3C 6.2 AOT)"/>
    <testcase classname="W3C_AOT" name="Test_198" time="0" type="static_hybrid" result="PASS" description="W3C SCXML test 198 (AOT)"/>
    <testcase classname="W3C_AOT" name="Test_199" time="0" type="pure_static" result="PASS" description="W3C SCXML 6.2: unsupported send type raises error.execution (Pure Static AOT)"/>
    <testcase classname="W3C_AOT" name="Test_200" time="0" type="pure_static" result="PASS" description="SCXML event processor support (W3C 6.2 AOT)"/>
    <testcase classname="W3C_AOT" name="Test_201" time="0" type="pure_static" result="PASS" description="W3C SCXML test 201 (AOT)"/>
    <testcase classname="W3C_AOT" name="Test_205" time="0.001" type="static_hybrid" result="PASS" description="W3C SCXML test 205 (AOT)"/>
    <testcase classname="W3C_AOT" name="Test_207" time="1.003" type="pure_static" result="PASS" description="Cancel across sessions fails (W3C 6.3 AOT)"/>
    <testcase classname="W3C_AOT" name="Test_208" time="1.508" type="pure_static" result="PASS" description="Cancel delayed send by sendid (W3C 6.3 AOT)"/>
    <testcase classname="W3C_AOT" name="Test_210" time="1.509" type="static_hybrid" result="PASS" description="sendidexpr dynamic cancel (W3C 6.3 Static Hybrid)"/>
    <testcase classname="W3C_AOT" name="Test_215" time="0.001" type="static_hybrid" result="PASS" description="W3C SCXML test 215 (AOT)"/>
    <testcase classname="W3C_AOT" name="Test_216" time="0.005" type="interpreter_fallback" result="PASS" description="Test reached expected pass state"/>
    <testcase classname="W3C_AOT" name="Test_220" time="0" type="pure_static" result="PASS" description="W3C SCXML test 220 (AOT)"/>
    <testcase classname="W3C_AOT" name="Test_223" time="0.001" type="static_hybrid" result="PASS" description="W3C SCXML test 223 (AOT)"/>
    <testcase classname="W3C_AOT" name="Test_224" time="0.005" type="interpreter_fallback" result="PASS" description="Test reached expected pass state"/>
    <testcase classname="W3C_AOT" name="Test_225" time="0.001" type="static_hybrid" result="PASS" description="W3C SCXML test 225 (AOT)"/>
    <testcase classname="W3C_AOT" name="Test_226" time="0" type="pure_static" result="PASS" description="W3C SCXML test 226 (AOT)"/>
    <testcase classname="W3C_AOT" name="Test_228" time="0.005" type="interpreter_fallback" result="PASS" description="Test reached expected pass state"/>
    <testcase classname="W3C_AOT" name="Test_229" time="0.006" type="interpreter_fallback" result="PASS" description="Test reached expected pass state"/>
    <testcase classname="W3C_AOT" name="Test_230" time="3.003" type="static_hybrid" result="PASS" description="W3C SCXML 6.4: Autoforward event fields (Static Hybrid AOT)"/>
    <testcase classname="W3C_AOT" name="Test_232" time="0" type="pure_static" result="PASS" description="W3C SCXML test 232 (AOT)"/>
    <testcase classname="W3C_AOT" name="Test_233" time="0.005" type="interpreter_fallback" result="PASS" description="Test reached expected pass state"/>
    <testcase classname="W3C_AOT" name="Test_234" time="0.006" type="interpreter_fallback" result="PASS" description="Test reached expected pass state"/>
    <testcase classname="W3C_AOT" name="Test_235" time="0.004" type="interpreter_fallback" result="PASS" description="Test reached expected pass state"/>
    <testcase classname="W3C_AOT" name="Test_236" time="2.005" type="pure_static" result="PASS" description="W3C SCXML 6.4: Event ordering childToParent before done.invoke (Static Hybrid AOT)"/>
    <testcase classname="W3C_AOT" name="Test_237" time="2.505" type="interpreter_fallback" result="PASS" description="Test reached expected pass state"/>
    <testcase classname="W3C_AOT" name="Test_239" time="0.017" type="interpreter_fallback" result="PASS" description="Test reached expected pass state"/>
    <testcase classname="W3C_AOT" name="Test_240" time="0.008" type="interpreter_fallback" result="PASS" description="Test reached expected pass state"/>
    <testcase classname="W3C_AOT" name="Test_241" time="0.009" type="interpreter_fallback" result="PASS" description="Test reached expected pass state"/>
    <testcase classname="W3C_AOT" name="Test_242" time="0.007" type="interpreter_fallback" result="PASS" description="Test reached expected pass state"/>
    <testcase classname="W3C_AOT" name="Test_243" time="0.005" type="interpreter_fallback" result="PASS" description="Test reached expected pass state"/>
    <testcase classname="W3C_AOT" name="Test_244" time="0.005" type="interpreter_fallback" result="PASS" description="Test reached expected pass state"/>
    <testcase classname="W3C_AOT" name="Test_245" time="0.005" type="interpreter_fallback" result="PASS" description="Test reached expected pass state"/>
    <testcase classname="W3C_AOT" name="Test_247" time="0" type="pure_static" result="PASS" description="W3C SCXML test 247 (AOT)"/>
    <testcase classname="W3C_AOT" name="Test_250" time="0" type="pure_static" result="PASS" description="W3C SCXML 6.3: Event cancellation (Static Hybrid AOT)"/>
    <testcase classname="W3C_AOT" name="Test_252" time="1.006" type="interpreter_fallback" result="PASS" description="Test reached expected pass state"/>
    <testcase classname="W3C_AOT" name="Test_253" time="0.008" type="interpreter_fallback" result="PASS" description="Test reached expected pass state"/>
    <testcase classname="W3C_AOT" name="Test_276" time="0" type="pure_static" result="PASS" description="Static invoke param passing (W3C 6.4 AOT)"/>
    <testcase classname="W3C_AOT" name="Test_277" time="0.001" type="static_hybrid" result="PASS" description="Datamodel init error.execution (W3C 5.3 AOT)"/>
    <testcase classname="W3C_AOT" name="Test_278" time="0" type="static_hybrid" result="PASS" description="Global scope datamodel access (W3C 5.10 AOT)"/>
    <testcase classname="W3C_AOT" name="Test_279" time="0" type="static_hybrid" result="PASS" description="Early binding variable initialization (W3C 5.2.2 AOT)"/>
    <testcase classname="W3C_AOT" name="Test_280" time="0" type="static_hybrid" result="PASS" description="Late binding variable initialization (W3C 5.3 AOT)"/>
    <testcase classname="W3C_AOT" name="Test_286" time="0" type="static_hybrid" result="PASS" description="Invalid assignment location error handling (W3C 5.3 AOT)"/>
    <testcase classname="W3C_AOT" name="Test_287" time="0" type="static_hybrid" result="PASS" description="Valid assignment to valid location (W3C 5.4 AOT)"/>
    <testcase classname="W3C_AOT" name="Test_294" time="0.004" type="interpreter_fallback" result="PASS" description="Test reached expected pass state"/>
    <testcase classname="W3C_AOT" name="Test_298" time="0.001" type="static_hybrid" result="PASS" description="W3C SCXML test 298 (AOT)"/>
    <testcase classname="W3C_AOT" name="Test_301" time="0" type="static_hybrid" result="PASS" description="Script download timeout rejection (W3C 5.8 AOT - Manual)"/>
    <testcase classname="W3C_AOT" name="Test_302" time="0" type="static_hybrid" result="PASS" description="W3C SCXML test 302 (AOT)"/>
    <testcase classname="W3C_AOT" name="Test_303" time="0" type="static_hybrid" result="PASS" description="W3C SCXML test 303 (AOT)"/>
    <testcase classname="W3C_AOT" name="Test_304" time="0" type="static_hybrid" result="PASS" description="W3C SCXML test 304 (AOT)"/>
    <testcase classname="W3C_AOT" name="Test_307" time="0" type="interpreter_fallback" result="PASS" description="Test skipped"/>
    <testcase classname="W3C_AOT" name="Test_309" time="0" type="static_hybrid" result="PASS" description="W3C SCXML test 309 (AOT)"/>
    <testcase classname="W3C_AOT" name="Test_310" time="0" type="pure_static" result="PASS" description="W3C SCXML test 310 (AOT)"/>
    <testcase classname="W3C_AOT" name="Test_311" time="0" type="static_hybrid" result="PASS" description="error.execution for invalid assign location (W3C 5.9.2 AOT)"/>
    <testcase classname="W3C_AOT" name="Test_312" time="0.001" type="static_hybrid" result="PASS" description="Assignment illegal expr error (W3C 5.9.2 AOT)"/>
    <testcase classname="W3C_AOT" name="Test_313" time="0.001" type="static_hybrid" result="PASS" description="Assign illegal expression error.execution (W3C 5.9.2 AOT)"/>
    <testcase classname="W3C_AOT" name="Test_314" time="0.001" type="static_hybrid" result="PASS" description="Delayed assign illegal expression (W3C 5.9.2 AOT)"/>
    <testcase classname="W3C_AOT" name="Test_318" time="0.001" type="static_hybrid" result="PASS" description="_event variable binding (W3C 5.10 AOT)"/>
    <testcase classname="W3C_AOT" name="Test_319" time="0" type="static_hybrid" result="PASS" description="_event not bound before first event (W3C B.1 AOT)"/>
    <testcase classname="W3C_AOT" name="Test_321" time="0" type="static_hybrid" result="PASS" description="_sessionid binding (W3C 5.10.1 AOT)"/>
    <testcase classname="W3C_AOT" name="Test_322" time="0.001" type="static_hybrid" result="PASS" description="_sessionid immutability (W3C B.2.1 AOT)"/>
    <testcase classname="W3C_AOT" name="Test_323" time="0" type="static_hybrid" result="PASS" description="_name system variable (W3C B.2.1 AOT)"/>
    <testcase classname="W3C_AOT" name="Test_324" time="0" type="static_hybrid" result="PASS" description="_name immutability (W3C B.2.2 AOT)"/>
    <testcase classname="W3C_AOT" name="Test_325" time="0" type="static_hybrid" result="PASS" description="_ioprocessors binding (W3C 5.10 AOT)"/>
    <testcase classname="W3C_AOT" name="Test_326" time="0.001" type="static_hybrid" result="PASS" description="_ioprocessors immutability (W3C B.2.3 AOT)"/>
    <testcase classname="W3C_AOT" name="Test_329" time="0.001" type="pure_static" result="PASS" description="System variables immutability (W3C 5.10 AOT)"/>
    <testcase classname="W3C_AOT" name="Test_330" time="0" type="pure_static" result="PASS" description="Event field binding (W3C 5.10 AOT)"/>
    <testcase classname="W3C_AOT" name="Test_331" time="0.001" type="static_hybrid" result="PASS" description="Event type classification (W3C 5.10.1 AOT)"/>
    <testcase classname="W3C_AOT" name="Test_332" time="0.001" type="static_hybrid" result="PASS" description="_event.sendid in error events (W3C 5.10.1, 6.2.4 AOT)"/>
    <testcase classname="W3C_AOT" name="Test_333" time="0" type="pure_static" result="PASS" description="_event.sendid blank for non-error events (W3C 5.10.1 AOT)"/>
    <testcase classname="W3C_AOT" name="Test_335" time="0" type="pure_static" result="PASS" description="_event.origin blank for internal events (W3C 5.10 AOT)"/>
    <testcase classname="W3C_AOT" name="Test_336" time="0.001" type="static_hybrid" result="PASS" description="_event.origin bidirectional communication (W3C 5.10.1 AOT)"/>
    <testcase classname="W3C_AOT" name="Test_337" time="0" type="pure_static" result="PASS" description="Internal event origintype blank (W3C 5.10.1 AOT)"/>
    <testcase classname="W3C_AOT" name="Test_338" time="0.001" type="static_hybrid" result="PASS" description="Static invoke inline content (W3C 6.4 AOT)"/>
    <testcase classname="W3C_AOT" name="Test_339" time="0" type="pure_static" result="PASS" description="Internal event invokeid blank (W3C 5.10 AOT)"/>
    <testcase classname="W3C_AOT" name="Test_342" time="0.001" type="static_hybrid" result="PASS" description="eventexpr dynamic event name (W3C 6.2 AOT)"/>
    <testcase classname="W3C_AOT" name="Test_343" time="0" type="static_hybrid" result="PASS" description="Invalid param error.execution (W3C 5.10.1 AOT)"/>
    <testcase classname="W3C_AOT" name="Test_344" time="0" type="static_hybrid" result="PASS" description="Invalid cond expression error.execution (W3C 5.9 AOT)"/>
    <testcase classname="W3C_AOT" name="Test_346" time="0.001" type="static_hybrid" result="PASS" description="System variable protection (W3C 5.9.1 AOT)"/>
    <testcase classname="W3C_AOT" name="Test_347" time="0" type="pure_static" result="PASS" description="SCXML Event I/O processor communication (W3C 6.4 AOT)"/>
    <testcase classname="W3C_AOT" name="Test_348" time="0" type="pure_static" result="PASS" description="Send event parameter sets event name (W3C 6.2 AOT)"/>
    <testcase classname="W3C_AOT" name="Test_349" time="0.001" type="static_hybrid" result="PASS" description="_event.origin system variable (W3C 5.10.1 AOT)"/>
    <testcase classname="W3C_AOT" name="Test_350" time="0.001" type="static_hybrid" result="PASS" description="Default initial state (W3C 3.6 AOT)"/>
    <testcase classname="W3C_AOT" name="Test_351" time="0.001" type="static_hybrid" result="PASS" description="_event.sendid field validation (W3C 5.10.1 AOT)"/>
    <testcase classname="W3C_AOT" name="Test_352" time="0.001" type="static_hybrid" result="PASS" description="Event origintype field (W3C 5.10.1 AOT)"/>
    <testcase classname="W3C_AOT" name="Test_354" time="0.001" type="static_hybrid" result="PASS" description="Event data with namelist/param/content (W3C 5.10 AOT)"/>
    <testcase classname="W3C_AOT" name="Test_355" time="0" type="pure_static" result="PASS" description="W3C SCXML test 355 (AOT)"/>
    <testcase classname="W3C_AOT" name="Test_364" time="0.006" type="interpreter_fallback" result="PASS" description="Test reached expected pass state"/>
    <testcase classname="W3C_AOT" name="Test_372" time="0.001" type="static_hybrid" result="PASS" description="W3C SCXML test 372 (AOT)"/>
    <testcase classname="W3C_AOT" name="Test_375" time="0" type="pure_static" result="PASS" description="W3C SCXML test 375 (AOT)"/>
    <testcase classname="W3C_AOT" name="Test_376" time="0.002" type="interpreter_fallback" result="PASS" description="Test reached expected pass state"/>
    <testcase classname="W3C_AOT" name="Test_377" time="0.003" type="interpreter_fallback" result="PASS" description="Test reached expected pass state"/>
    <testcase classname="W3C_AOT" name="Test_378" time="0.002" type="interpreter_fallback" result="PASS" description="Test reached expected pass state"/>
    <testcase classname="W3C_AOT" name="Test_387" time="0" type="pure_static" result="PASS" description="History states with default transitions (W3C 3.11 AOT)"/>
    <testcase classname="W3C_AOT" name="Test_388" time="0.002" type="static_hybrid" result="PASS" description="History states work correctly (W3C 3.11 AOT)"/>
    <testcase classname="W3C_AOT" name="Test_396" time="0" type="pure_static" result="PASS" description="Event name matching (W3C 3.12.1 AOT)"/>
    <testcase classname="W3C_AOT" name="Test_399" time="0" type="pure_static" result="PASS" description="Event name matching with prefix and wildcard (W3C 5.9.3 AOT)"/>
    <testcase classname="W3C_AOT" name="Test_401" time="0" type="static_hybrid" result="PASS" description="Internal event queue priority (W3C 3.12.1 AOT)"/>
    <testcase classname="W3C_AOT" name="Test_402" time="0.001" type="static_hybrid" result="PASS" description="Error event ordering and prefix matching (W3C 3.12 AOT)"/>
    <testcase classname="W3C_AOT" name="Test_403a" time="0.003" type="interpreter_fallback" result="PASS" description="Test reached expected pass state"/>
    <testcase classname="W3C_AOT" name="Test_403b" time="0.003" type="interpreter_fallback" result="PASS" description="Test reached expected pass state"/>
    <testcase classname="W3C_AOT" name="Test_403c" time="0.003" type="interpreter_fallback" result="PASS" description="Test reached expected pass state"/>
    <testcase classname="W3C_AOT" name="Test_404" time="0.001" type="pure_static" result="PASS" description="Parallel state exit order (W3C 3.13 AOT)"/>
    <testcase classname="W3C_AOT" name="Test_405" time="0.001" type="pure_static" result="PASS" description="Transition executable content ordering (W3C 3.9 AOT)"/>
    <testcase classname="W3C_AOT" name="Test_406" time="0.001" type="pure_static" result="PASS" description="State entry order with parallel regions (W3C 3.3 AOT)"/>
    <testcase classname="W3C_AOT" name="Test_407" time="0" type="static_hybrid" result="PASS" description="onexit handlers (W3C 3.8 AOT)"/>
    <testcase classname="W3C_AOT" name="Test_409" time="1.002" type="pure_static" result="PASS" description="State removal from active states during exit (W3C 3.12.1 AOT)"/>
    <testcase classname="W3C_AOT" name="Test_411" time="0" type="pure_static" result="PASS" description="State addition to active states during entry (W3C 3.12.1 AOT)"/>
    <testcase classname="W3C_AOT" name="Test_412" time="0" type="pure_static" result="PASS" description="Initial transition executable content execution order (W3C 3.3.2 AOT)"/>
    <testcase classname="W3C_AOT" name="Test_413" time="0" type="pure_static" result="PASS" description="Parallel initial states (W3C 3.13 AOT)"/>
    <testcase classname="W3C_AOT" name="Test_415" time="0" type="pure_static" result="PASS" description="Top-level final state halts execution (W3C 3.7.1 AOT)"/>
    <testcase classname="W3C_AOT" name="Test_416" time="0" type="pure_static" result="PASS" description="done.state.id event generation (W3C 3.3.2 AOT)"/>
    <testcase classname="W3C_AOT" name="Test_417" time="0.001" type="pure_static" result="PASS" description="Parallel done.state event (W3C 3.7.1 AOT)"/>
    <testcase classname="W3C_AOT" name="Test_419" time="0" type="pure_static" result="PASS" description="Eventless transition precedence (W3C 3.13 AOT)"/>
    <testcase classname="W3C_AOT" name="Test_421" time="0" type="pure_static" result="PASS" description="Internal event priority (W3C 5.10.1 AOT)"/>
    <testcase classname="W3C_AOT" name="Test_422" time="2.007" type="static_hybrid" result="PASS" description="Invoke at macrostep end (W3C 6.4 AOT)"/>
    <testcase classname="W3C_AOT" name="Test_423" time="1.002" type="pure_static" result="PASS" description="External event queue processing (W3C 5.9.2 AOT)"/>
    <testcase classname="W3C_AOT" name="Test_436" time="0" type="pure_static" result="PASS" description="In() predicate in null data model (W3C 5.9.2 AOT)"/>
    <testcase classname="W3C_AOT" name="Test_444" time="0" type="static_hybrid" result="PASS" description="ECMAScript datamodel variable in condition (W3C 5.2/5.9 AOT)"/>
    <testcase classname="W3C_AOT" name="Test_445" time="0" type="static_hybrid" result="PASS" description="ECMAScript undefined variables (W3C B.2.2 AOT)"/>
    <testcase classname="W3C_AOT" name="Test_446" time="0.001" type="static_hybrid" result="PASS" description="External file loading with src attribute (W3C 5.2.2 AOT)"/>
    <testcase classname="W3C_AOT" name="Test_448" time="0.001" type="static_hybrid" result="PASS" description="ECMAScript single global scope (W3C B.2 AOT)"/>
    <testcase classname="W3C_AOT" name="Test_449" time="0" type="static_hybrid" result="PASS" description="ECMAScript boolean conversion for string literals (W3C B.2 AOT)"/>
    <testcase classname="W3C_AOT" name="Test_451" time="0" type="pure_static" result="PASS" description="In() predicate in parallel states (W3C 5.9.2 AOT)"/>
    <testcase classname="W3C_AOT" name="Test_452" time="0.001" type="static_hybrid" result="PASS" description="Datamodel substructure assignment (W3C 5.3/5.4 AOT)"/>
    <testcase classname="W3C_AOT" name="Test_453" time="0" type="static_hybrid" result="PASS" description="ECMAScript function expression evaluation (W3C B.2/3.12.1 AOT)"/>
    <testcase classname="W3C_AOT" name="Test_456" time="0" type="static_hybrid" result="PASS" description="ECMAScript script execution (W3C B.2/5.9 AOT)"/>
    <testcase classname="W3C_AOT" name="Test_457" time="0.004" type="static_hybrid" result="PASS" description="foreach error handling (W3C 5.4/D.3.1 AOT)"/>
    <testcase classname="W3C_AOT" name="Test_459" time="0.002" type="static_hybrid" result="PASS" description="foreach iteration order (W3C 5.4 AOT)"/>
    <testcase classname="W3C_AOT" name="Test_460" time="0.002" type="static_hybrid" result="PASS" description="Foreach shallow copy (W3C 4.6 AOT)"/>
    <testcase classname="W3C_AOT" name="Test_487" time="0" type="static_hybrid" result="PASS" description="Illegal assignment (W3C 5.3/5.4 AOT)"/>
    <testcase classname="W3C_AOT" name="Test_488" time="0" type="static_hybrid" result="PASS" description="donedata param error handling (W3C 5.7 AOT)"/>
    <testcase classname="W3C_AOT" name="Test_495" time="0" type="pure_static" result="PASS" description="SCXML Event I/O Processor queue handling (W3C 6.2 AOT)"/>
    <testcase classname="W3C_AOT" name="Test_496" time="0" type="static_hybrid" result="PASS" description="error.communication for unreachable target (W3C C.1 AOT Static Hybrid)"/>
    <testcase classname="W3C_AOT" name="Test_500" time="0" type="static_hybrid" result="PASS" description="SCXML I/O processor location field (W3C 6.3.1 AOT Static Hybrid)"/>
    <testcase classname="W3C_AOT" name="Test_501" time="0" type="static_hybrid" result="PASS" description="SCXML Event I/O Processor location as send target (W3C C.1 AOT Static Hybrid)"/>
    <testcase classname="W3C_AOT" name="Test_503" time="0.001" type="static_hybrid" result="PASS" description="Targetless transitions do not exit/re-enter (W3C 3.13 AOT Static Hybrid)"/>
    <testcase classname="W3C_AOT" name="Test_504" time="0.003" type="static_hybrid" result="PASS" description="External transition exit sets LCCA (W3C 3.13 AOT Static Hybrid)"/>
    <testcase classname="W3C_AOT" name="Test_505" time="0.002" type="static_hybrid" result="PASS" description="Internal transition does not exit source (W3C 3.13 AOT Static Hybrid)"/>
    <testcase classname="W3C_AOT" name="Test_506" time="0.002" type="static_hybrid" result="PASS" description="Internal transition non-descendant target behaves as external (W3C 5.9.2 AOT Static Hybrid)"/>
    <testcase classname="W3C_AOT" name="Test_509" time="0.3" type="pure_static" result="PASS" description="BasicHTTP POST method (W3C C.2 AOT Static Hybrid)"/>
    <testcase classname="W3C_AOT" name="Test_510" time="0.301" type="pure_static" result="PASS" description="BasicHTTP external queue (W3C C.2 AOT Static Hybrid)"/>
    <testcase classname="W3C_AOT" name="Test_513" time="0" type="pure_static" result="PASS" description="BasicHTTP success response (W3C C.2 AOT Static Hybrid)"/>
    <testcase classname="W3C_AOT" name="Test_518" time="0.303" type="pure_static" result="PASS" description="BasicHTTP namelist encoding (W3C C.2 AOT Static Hybrid)"/>
    <testcase classname="W3C_AOT" name="Test_519" time="0.303" type="pure_static" result="PASS" description="BasicHTTP param encoding (W3C C.2 AOT Static)"/>
    <testcase classname="W3C_AOT" name="Test_520" time="0.301" type="pure_static" result="PASS" description="BasicHTTP content element (W3C C.2 AOT Static)"/>
    <testcase classname="W3C_AOT" name="Test_521" time="0.001" type="static_hybrid" result="PASS" description="error.communication on invalid targetexpr (W3C 6.2.4/6.2.5 AOT Static Hybrid)"/>
    <testcase classname="W3C_AOT" name="Test_522" time="0.3" type="pure_static" result="PASS" description="BasicHTTP location field (W3C C.2 AOT Pure Static)"/>
    <testcase classname="W3C_AOT" name="Test_525" time="0.002" type="static_hybrid" result="PASS" description="Foreach shallow copy minimal (W3C 4.6 AOT Static Hybrid)"/>
    <testcase classname="W3C_AOT" name="Test_527" time="0" type="static_hybrid" result="PASS" description="Donedata content expr (W3C 5.5 AOT Static Hybrid)"/>
    <testcase classname="W3C_AOT" name="Test_528" time="0" type="static_hybrid" result="PASS" description="Donedata content expr error.execution (W3C 5.5 AOT Static Hybrid)"/>
    <testcase classname="W3C_AOT" name="Test_529" time="0" type="static_hybrid" result="PASS" description="Donedata content integer literal (W3C 5.5 AOT Static Hybrid)"/>
    <testcase classname="W3C_AOT" name="Test_530" time="0.002" type="static_hybrid" result="PASS" description="Hybrid invoke contentexpr evaluation (W3C 6.4 AOT Hybrid Strategy)"/>
    <testcase classname="W3C_AOT" name="Test_531" time="0.302" type="pure_static" result="PASS" description="BasicHTTP _scxmleventname param event name (W3C C.2 AOT Static)"/>
    <testcase classname="W3C_AOT" name="Test_532" time="0.302" type="pure_static" result="PASS" description="BasicHTTP HTTP method name fallback (W3C C.2 AOT Static)"/>
    <testcase classname="W3C_AOT" name="Test_533" time="0.004" type="static_hybrid" result="PASS" description="Internal transition exit set for non-compound states (W3C 3.13 AOT Static Hybrid)"/>
    <testcase classname="W3C_AOT" name="Test_534" time="0.302" type="pure_static" result="PASS" description="BasicHTTP _scxmleventname transmission (W3C C.2 AOT Static Hybrid)"/>
    <testcase classname="W3C_AOT" name="Test_550" time="0" type="static_hybrid" result="PASS" description="Early binding with expr attribute for data variable (W3C 5.2.2 AOT Static Hybrid)"/>
    <testcase classname="W3C_AOT" name="Test_551" time="0" type="static_hybrid" result="PASS" description="Early binding inline content (W3C 5.2.2 AOT Static Hybrid)"/>
    <testcase classname="W3C_AOT" name="Test_552" time="0" type="static_hybrid" result="PASS" description="External data src attribute (W3C 5.2.2 AOT Static Hybrid)"/>
    <testcase classname="W3C_AOT" name="Test_553" time="1.004" type="static_hybrid" result="PASS" description="Send namelist error handling (W3C 6.2.4 AOT Static Hybrid)"/>
    <testcase classname="W3C_AOT" name="Test_554" time="1.005" type="static_hybrid" result="PASS" description="Invoke namelist error handling (W3C 6.4 &amp; B.1 AOT Pure Static)"/>
    <testcase classname="W3C_AOT" name="Test_557" time="0.001" type="static_hybrid" result="PASS" description="ECMAScript XML DOM assignment (W3C B.2 AOT Static Hybrid)"/>
    <testcase classname="W3C_AOT" name="Test_558" time="0.001" type="static_hybrid" result="PASS" description="ECMAScript whitespace normalization (W3C B.2 AOT Static Hybrid)"/>
    <testcase classname="W3C_AOT" name="Test_560" time="0" type="static_hybrid" result="PASS" description="_event.data param structure (W3C 5.10 AOT Static Hybrid)"/>
    <testcase classname="W3C_AOT" name="Test_561" time="0" type="static_hybrid" result="PASS" description="ECMAScript XML DOM event data (W3C 5.9.2 AOT Static Hybrid)"/>
    <testcase classname="W3C_AOT" name="Test_562" time="0" type="static_hybrid" result="PASS" description="ECMAScript content space normalization (W3C 5.9.2 AOT Static Hybrid)"/>
    <testcase classname="W3C_AOT" name="Test_567" time="0.303" type="pure_static" result="PASS" description="BasicHTTP param encoding (W3C C.2 AOT Static Hybrid)"/>
    <testcase classname="W3C_AOT" name="Test_569" time="0" type="static_hybrid" result="PASS" description="SCXML I/O processor location (W3C 5.8 AOT Static Hybrid)"/>
    <testcase classname="W3C_AOT" name="Test_570" time="0.002" type="static_hybrid" result="PASS" description="Parallel state completion with done.state.id (W3C 3.12.1 AOT Static Hybrid)"/>
    <testcase classname="W3C_AOT" name="Test_576" time="0" type="pure_static" result="PASS" description="Parallel initial with space-separated states (W3C 3.13 AOT)"/>
    <testcase classname="W3C_AOT" name="Test_577" time="0" type="pure_static" result="PASS" description="error.communication on BasicHTTP send with no target (W3C C.2 AOT)"/>
    <testcase classname="W3C_AOT" name="Test_578" time="0" type="static_hybrid" result="PASS" description="ECMAScript _event.data JSON object (W3C 5.9/5.10 AOT Static Hybrid)"/>
    <testcase classname="W3C_AOT" name="Test_579" time="1.005" type="static_hybrid" result="PASS" description="History default content execution with delayed send (W3C 3.8 + 6.2 AOT Static Hybrid)"/>
    <testcase classname="W3C_AOT" name="Test_580" time="0.002" type="static_hybrid" result="PASS" description="History state never in configuration with parallel states (W3C 3.11 AOT Static Hybrid)"/>
  </testsuite>
</testsuites>
